{
  "stats": {
    "suites": 1,
    "tests": 3,
    "passes": 3,
    "pending": 0,
    "failures": 0,
    "start": "2021-01-11T12:42:29.643Z",
    "end": "2021-01-11T12:42:40.307Z",
    "duration": 10664,
    "testsRegistered": 3,
    "passPercent": 100,
    "pendingPercent": 0,
    "other": 0,
    "hasOther": false,
    "skipped": 0,
    "hasSkipped": false
  },
  "results": [
    {
      "uuid": "74b5be54-9ef6-4383-a102-d3d8bd519b8c",
      "title": "",
      "fullFile": "cypress/integration/test/Framework.js",
      "file": "cypress/integration/test/Framework.js",
      "beforeHooks": [],
      "afterHooks": [],
      "tests": [],
      "suites": [
        {
          "uuid": "db492d88-b265-4e8d-b2fb-56cc883613d0",
          "title": "Regression Test Suite",
          "fullFile": "",
          "file": "",
          "beforeHooks": [],
          "afterHooks": [],
          "tests": [
            {
              "title": "Home Page My Location test case",
              "fullTitle": "Regression Test Suite Home Page My Location test case",
              "timedOut": null,
              "duration": 2700,
              "state": "passed",
              "speed": "slow",
              "pass": true,
              "fail": false,
              "pending": false,
              "context": null,
              "code": "cy.visit(Cypress.env('url'));\nhomePage.getTextArea().trigger('mousedown').click();\nhomePage.getMyLocation().click();\ncy.verifyAddress1();",
              "err": {},
              "uuid": "60e433be-9086-4208-aa06-cdc8e3fca7e0",
              "parentUUID": "db492d88-b265-4e8d-b2fb-56cc883613d0",
              "isHook": false,
              "skipped": false
            },
            {
              "title": "Home Page BT6 pincode test case",
              "fullTitle": "Regression Test Suite Home Page BT6 pincode test case",
              "timedOut": null,
              "duration": 3904,
              "state": "passed",
              "speed": "slow",
              "pass": true,
              "fail": false,
              "pending": false,
              "context": null,
              "code": "cy.visit(Cypress.env('url'));\nhomePage.getTextArea().clear();\nhomePage.selectPincode().type(this.homedata.pinCode).trigger('blur').type('{enter}');\ncy.verifyAddress2();",
              "err": {},
              "uuid": "417c8ab9-52e3-4125-969c-6ff252b384ae",
              "parentUUID": "db492d88-b265-4e8d-b2fb-56cc883613d0",
              "isHook": false,
              "skipped": false
            },
            {
              "title": "Home Page BT6 pincode test case",
              "fullTitle": "Regression Test Suite Home Page BT6 pincode test case",
              "timedOut": null,
              "duration": 2447,
              "state": "passed",
              "speed": "slow",
              "pass": true,
              "fail": false,
              "pending": false,
              "context": null,
              "code": "cy.visit(Cypress.env('url'));\nhomePage.getTextArea().clear();\nhomePage.selectPincode().type(this.homedata.pinCode1).trigger('blur').type('{enter}');\ncy.verifyAddress3();",
              "err": {},
              "uuid": "021e5386-2c26-420e-9d9f-dce76bddcb41",
              "parentUUID": "db492d88-b265-4e8d-b2fb-56cc883613d0",
              "isHook": false,
              "skipped": false
            }
          ],
          "suites": [],
          "passes": [
            "60e433be-9086-4208-aa06-cdc8e3fca7e0",
            "417c8ab9-52e3-4125-969c-6ff252b384ae",
            "021e5386-2c26-420e-9d9f-dce76bddcb41"
          ],
          "failures": [],
          "pending": [],
          "skipped": [],
          "duration": 9051,
          "root": false,
          "rootEmpty": false,
          "_timeout": 2000
        }
      ],
      "passes": [],
      "failures": [],
      "pending": [],
      "skipped": [],
      "duration": 0,
      "root": true,
      "rootEmpty": true,
      "_timeout": 2000
    }
  ],
  "meta": {
    "mocha": {
      "version": "7.0.1"
    },
    "mochawesome": {
      "options": {
        "quiet": false,
        "reportFilename": "mochawesome",
        "saveHtml": false,
        "saveJson": true,
        "consoleReporter": "spec",
        "useInlineDiffs": false,
        "code": true
      },
      "version": "6.2.1"
    },
    "marge": {
      "options": {
        "id": "default",
        "reportDir": "mochawesome-report",
        "quite": true,
        "overwrite": false,
        "html": false,
        "json": true,
        "timestamp": "mmddyyyy_HHMMss"
      },
      "version": "5.1.0"
    }
  }
}